mode: atomic
database-top-throughput-analyzer/config.go:81.26,102.20 2 0
database-top-throughput-analyzer/config.go:102.20,103.32 1 0
database-top-throughput-analyzer/config.go:103.32,105.4 1 0
database-top-throughput-analyzer/config.go:106.3,106.37 1 0
database-top-throughput-analyzer/config.go:106.37,108.4 1 0
database-top-throughput-analyzer/config.go:109.3,109.38 1 0
database-top-throughput-analyzer/config.go:109.38,111.4 1 0
database-top-throughput-analyzer/config.go:112.3,112.43 1 0
database-top-throughput-analyzer/config.go:112.43,114.4 1 0
database-top-throughput-analyzer/config.go:115.3,115.44 1 0
database-top-throughput-analyzer/config.go:115.44,117.4 1 0
database-top-throughput-analyzer/config.go:118.3,118.44 1 0
database-top-throughput-analyzer/config.go:118.44,120.4 1 0
database-top-throughput-analyzer/config.go:121.3,121.43 1 0
database-top-throughput-analyzer/config.go:121.43,123.4 1 0
database-top-throughput-analyzer/config.go:124.3,124.43 1 0
database-top-throughput-analyzer/config.go:124.43,126.4 1 0
database-top-throughput-analyzer/config.go:127.3,127.32 1 0
database-top-throughput-analyzer/config.go:127.32,129.4 1 0
database-top-throughput-analyzer/config.go:130.3,130.36 1 0
database-top-throughput-analyzer/config.go:130.36,132.4 1 0
database-top-throughput-analyzer/config.go:134.3,134.35 1 0
database-top-throughput-analyzer/config.go:134.35,136.4 1 0
database-top-throughput-analyzer/config.go:138.3,138.48 1 0
database-top-throughput-analyzer/config.go:138.48,140.4 1 0
database-top-throughput-analyzer/config.go:141.3,141.49 1 0
database-top-throughput-analyzer/config.go:141.49,143.4 1 0
database-top-throughput-analyzer/config.go:144.3,144.43 1 0
database-top-throughput-analyzer/config.go:144.43,146.4 1 0
database-top-throughput-analyzer/config.go:147.3,147.15 1 0
database-top-throughput-analyzer/config.go:148.8,150.40 1 0
database-top-throughput-analyzer/config.go:150.40,150.66 1 0
database-top-throughput-analyzer/config.go:151.3,151.45 1 0
database-top-throughput-analyzer/config.go:151.45,151.79 1 0
database-top-throughput-analyzer/config.go:152.3,152.46 1 0
database-top-throughput-analyzer/config.go:152.46,152.81 1 0
database-top-throughput-analyzer/config.go:153.3,153.51 1 0
database-top-throughput-analyzer/config.go:153.51,153.90 1 0
database-top-throughput-analyzer/config.go:154.3,154.52 1 0
database-top-throughput-analyzer/config.go:154.52,154.92 1 0
database-top-throughput-analyzer/config.go:155.3,155.52 1 0
database-top-throughput-analyzer/config.go:155.52,155.86 1 0
database-top-throughput-analyzer/config.go:156.3,156.51 1 0
database-top-throughput-analyzer/config.go:156.51,156.116 1 0
database-top-throughput-analyzer/config.go:156.116,156.134 1 0
database-top-throughput-analyzer/config.go:157.3,157.51 1 0
database-top-throughput-analyzer/config.go:157.51,157.116 1 0
database-top-throughput-analyzer/config.go:157.116,157.134 1 0
database-top-throughput-analyzer/config.go:158.3,158.40 1 0
database-top-throughput-analyzer/config.go:158.40,158.92 1 0
database-top-throughput-analyzer/config.go:158.92,158.104 1 0
database-top-throughput-analyzer/config.go:159.3,159.44 1 0
database-top-throughput-analyzer/config.go:159.44,159.173 2 0
database-top-throughput-analyzer/config.go:160.3,160.43 1 0
database-top-throughput-analyzer/config.go:160.43,160.176 2 0
database-top-throughput-analyzer/config.go:161.3,161.56 1 0
database-top-throughput-analyzer/config.go:161.56,161.93 1 0
database-top-throughput-analyzer/config.go:162.3,162.57 1 0
database-top-throughput-analyzer/config.go:162.57,162.95 1 0
database-top-throughput-analyzer/config.go:163.3,163.51 1 0
database-top-throughput-analyzer/config.go:163.51,163.89 1 0
database-top-throughput-analyzer/config.go:166.2,167.44 2 0
database-top-throughput-analyzer/config.go:167.44,167.71 1 0
database-top-throughput-analyzer/config.go:169.2,169.22 1 0
database-top-throughput-analyzer/config.go:169.22,170.41 1 0
database-top-throughput-analyzer/config.go:170.41,172.4 1 0
database-top-throughput-analyzer/config.go:174.2,174.27 1 0
database-top-throughput-analyzer/config.go:174.27,175.46 1 0
database-top-throughput-analyzer/config.go:175.46,177.4 1 0
database-top-throughput-analyzer/config.go:179.2,179.28 1 0
database-top-throughput-analyzer/config.go:179.28,180.47 1 0
database-top-throughput-analyzer/config.go:180.47,182.4 1 0
database-top-throughput-analyzer/config.go:184.2,184.33 1 0
database-top-throughput-analyzer/config.go:184.33,185.52 1 0
database-top-throughput-analyzer/config.go:185.52,187.4 1 0
database-top-throughput-analyzer/config.go:189.2,189.34 1 0
database-top-throughput-analyzer/config.go:189.34,190.53 1 0
database-top-throughput-analyzer/config.go:190.53,192.4 1 0
database-top-throughput-analyzer/config.go:194.2,194.34 1 0
database-top-throughput-analyzer/config.go:194.34,195.53 1 0
database-top-throughput-analyzer/config.go:195.53,197.4 1 0
database-top-throughput-analyzer/config.go:199.2,199.33 1 0
database-top-throughput-analyzer/config.go:199.33,200.52 1 0
database-top-throughput-analyzer/config.go:200.52,201.58 1 0
database-top-throughput-analyzer/config.go:201.58,203.5 1 0
database-top-throughput-analyzer/config.go:206.2,206.33 1 0
database-top-throughput-analyzer/config.go:206.33,207.52 1 0
database-top-throughput-analyzer/config.go:207.52,208.58 1 0
database-top-throughput-analyzer/config.go:208.58,210.5 1 0
database-top-throughput-analyzer/config.go:213.2,213.22 1 0
database-top-throughput-analyzer/config.go:213.22,214.41 1 0
database-top-throughput-analyzer/config.go:214.41,215.45 1 0
database-top-throughput-analyzer/config.go:215.45,217.5 1 0
database-top-throughput-analyzer/config.go:220.2,220.26 1 0
database-top-throughput-analyzer/config.go:220.26,221.45 1 0
database-top-throughput-analyzer/config.go:221.45,224.4 2 0
database-top-throughput-analyzer/config.go:224.9,226.4 1 0
database-top-throughput-analyzer/config.go:228.2,228.25 1 0
database-top-throughput-analyzer/config.go:228.25,229.44 1 0
database-top-throughput-analyzer/config.go:229.44,232.4 2 0
database-top-throughput-analyzer/config.go:235.2,235.15 1 0
database-top-throughput-analyzer/config.go:235.15,237.3 1 0
database-top-throughput-analyzer/config.go:238.2,239.16 2 0
database-top-throughput-analyzer/config.go:239.16,241.3 1 0
database-top-throughput-analyzer/config.go:242.2,243.16 2 0
database-top-throughput-analyzer/config.go:243.16,245.3 1 0
database-top-throughput-analyzer/config.go:247.2,248.27 2 0
database-top-throughput-analyzer/config.go:248.27,251.3 2 0
database-top-throughput-analyzer/config.go:251.8,252.29 1 0
database-top-throughput-analyzer/config.go:252.29,254.4 1 0
database-top-throughput-analyzer/config.go:255.3,255.30 1 0
database-top-throughput-analyzer/config.go:255.30,257.4 1 0
database-top-throughput-analyzer/config.go:258.3,258.63 1 0
database-top-throughput-analyzer/config.go:258.63,260.4 1 0
database-top-throughput-analyzer/config.go:260.9,262.4 1 0
database-top-throughput-analyzer/config.go:263.3,263.64 1 0
database-top-throughput-analyzer/config.go:263.64,265.4 1 0
database-top-throughput-analyzer/config.go:265.9,267.4 1 0
database-top-throughput-analyzer/config.go:271.2,272.23 2 0
database-top-throughput-analyzer/config.go:272.23,273.58 1 0
database-top-throughput-analyzer/config.go:273.58,275.4 1 0
database-top-throughput-analyzer/config.go:275.9,277.4 1 0
database-top-throughput-analyzer/config.go:281.2,283.26 2 0
database-top-throughput-analyzer/config.go:283.26,284.89 1 0
database-top-throughput-analyzer/config.go:284.89,286.4 1 0
database-top-throughput-analyzer/config.go:286.9,288.4 1 0
database-top-throughput-analyzer/config.go:290.2,290.27 1 0
database-top-throughput-analyzer/config.go:290.27,291.90 1 0
database-top-throughput-analyzer/config.go:291.90,293.4 1 0
database-top-throughput-analyzer/config.go:293.9,295.4 1 0
database-top-throughput-analyzer/config.go:297.2,297.27 1 0
database-top-throughput-analyzer/config.go:297.27,298.90 1 0
database-top-throughput-analyzer/config.go:298.90,300.4 1 0
database-top-throughput-analyzer/config.go:300.9,302.4 1 0
database-top-throughput-analyzer/config.go:305.2,305.22 1 0
database-top-throughput-analyzer/config.go:305.22,306.57 1 0
database-top-throughput-analyzer/config.go:306.57,307.77 1 0
database-top-throughput-analyzer/config.go:307.77,307.96 1 0
database-top-throughput-analyzer/config.go:310.2,310.23 1 0
database-top-throughput-analyzer/config.go:310.23,311.58 1 0
database-top-throughput-analyzer/config.go:311.58,312.77 1 0
database-top-throughput-analyzer/config.go:312.77,312.97 1 0
database-top-throughput-analyzer/config.go:315.2,315.23 1 0
database-top-throughput-analyzer/config.go:315.23,316.52 1 0
database-top-throughput-analyzer/config.go:316.52,317.77 1 0
database-top-throughput-analyzer/config.go:317.77,317.97 1 0
database-top-throughput-analyzer/config.go:321.2,335.3 1 0
database-top-throughput-analyzer/config.go:339.47,339.63 1 0
database-top-throughput-analyzer/config.go:340.47,340.68 1 0
database-top-throughput-analyzer/config.go:341.47,341.73 1 0
database-top-throughput-analyzer/config.go:342.47,342.74 1 0
database-top-throughput-analyzer/config.go:343.47,343.70 1 0
database-top-throughput-analyzer/config.go:344.47,344.70 1 0
database-top-throughput-analyzer/config.go:345.47,345.64 1 0
database-top-throughput-analyzer/config.go:346.47,346.66 1 0
database-top-throughput-analyzer/config.go:347.47,347.73 1 0
database-top-throughput-analyzer/config.go:348.47,348.77 1 0
database-top-throughput-analyzer/config.go:349.47,349.78 1 0
database-top-throughput-analyzer/config.go:350.47,350.72 1 0
database-top-throughput-analyzer/config.go:351.47,351.66 1 0
database-top-throughput-analyzer/config.go:354.52,354.65 1 0
database-top-throughput-analyzer/config.go:355.52,355.70 1 0
database-top-throughput-analyzer/config.go:356.52,356.75 1 0
database-top-throughput-analyzer/config.go:357.52,357.76 1 0
database-top-throughput-analyzer/config.go:358.52,358.72 1 0
database-top-throughput-analyzer/config.go:359.52,359.72 1 0
database-top-throughput-analyzer/config.go:360.52,360.66 1 0
database-top-throughput-analyzer/config.go:361.52,361.68 1 0
database-top-throughput-analyzer/config.go:362.52,362.75 1 0
database-top-throughput-analyzer/config.go:363.52,363.79 1 0
database-top-throughput-analyzer/config.go:364.52,364.80 1 0
database-top-throughput-analyzer/config.go:365.52,365.74 1 0
database-top-throughput-analyzer/config.go:366.52,366.68 1 0
database-top-throughput-analyzer/db_mysql.go:43.51,45.16 2 0
database-top-throughput-analyzer/db_mysql.go:45.16,47.3 1 0
database-top-throughput-analyzer/db_mysql.go:49.2,52.34 4 0
database-top-throughput-analyzer/db_mysql.go:55.37,55.60 1 0
database-top-throughput-analyzer/db_mysql.go:57.55,57.87 1 0
database-top-throughput-analyzer/db_mysql.go:59.71,65.16 3 0
database-top-throughput-analyzer/db_mysql.go:65.16,67.3 1 0
database-top-throughput-analyzer/db_mysql.go:68.2,70.18 3 0
database-top-throughput-analyzer/db_mysql.go:70.18,72.138 2 0
database-top-throughput-analyzer/db_mysql.go:72.138,74.4 1 0
database-top-throughput-analyzer/db_mysql.go:75.3,75.30 1 0
database-top-throughput-analyzer/db_mysql.go:77.2,77.35 1 0
database-top-throughput-analyzer/db_mysql.go:77.35,79.3 1 0
database-top-throughput-analyzer/db_mysql.go:80.2,80.18 1 0
database-top-throughput-analyzer/main.go:22.13,27.16 4 0
database-top-throughput-analyzer/main.go:27.16,30.3 2 0
database-top-throughput-analyzer/main.go:31.2,31.15 1 0
database-top-throughput-analyzer/main.go:31.15,32.40 1 0
database-top-throughput-analyzer/main.go:32.40,34.4 1 0
database-top-throughput-analyzer/main.go:37.2,40.14 4 0
database-top-throughput-analyzer/monitor.go:33.90,35.2 1 0
database-top-throughput-analyzer/monitor.go:37.44,42.43 3 0
database-top-throughput-analyzer/monitor.go:42.43,46.3 3 0
database-top-throughput-analyzer/monitor.go:47.2,51.16 3 0
database-top-throughput-analyzer/monitor.go:51.16,54.3 2 0
database-top-throughput-analyzer/monitor.go:57.2,65.6 6 0
database-top-throughput-analyzer/monitor.go:65.6,66.10 1 0
database-top-throughput-analyzer/monitor.go:67.21,68.14 1 0
database-top-throughput-analyzer/monitor.go:69.15,71.14 2 0
database-top-throughput-analyzer/monitor.go:72.19,75.18 3 0
database-top-throughput-analyzer/monitor.go:75.18,78.13 3 0
database-top-throughput-analyzer/monitor.go:81.4,82.28 2 0
database-top-throughput-analyzer/monitor.go:82.28,85.27 3 0
database-top-throughput-analyzer/monitor.go:85.27,86.14 1 0
database-top-throughput-analyzer/monitor.go:89.5,90.58 2 0
database-top-throughput-analyzer/monitor.go:90.58,92.6 1 0
database-top-throughput-analyzer/monitor.go:93.5,102.88 2 0
database-top-throughput-analyzer/monitor.go:102.88,104.6 1 0
database-top-throughput-analyzer/monitor.go:107.4,108.15 2 0
database-top-throughput-analyzer/monitor.go:112.2,112.37 1 0
database-top-throughput-analyzer/monitor.go:112.37,114.3 1 0
database-top-throughput-analyzer/monitor.go:115.2,115.23 1 0
database-top-throughput-analyzer/report.go:18.45,18.78 1 0
database-top-throughput-analyzer/report.go:20.43,28.2 1 0
database-top-throughput-analyzer/report.go:30.79,42.2 1 0
database-top-throughput-analyzer/report.go:44.34,44.67 1 0
database-top-throughput-analyzer/stream.go:30.40,30.109 1 0
database-top-throughput-analyzer/stream.go:32.36,34.26 2 0
database-top-throughput-analyzer/stream.go:34.26,38.3 2 0
database-top-throughput-analyzer/stream.go:39.2,41.15 3 0
database-top-throughput-analyzer/stream.go:46.58,49.18 3 0
database-top-throughput-analyzer/stream.go:49.18,51.3 1 0
database-top-throughput-analyzer/stream.go:52.2,52.18 1 0
database-top-throughput-analyzer/stream.go:52.18,54.3 1 0
database-top-throughput-analyzer/stream.go:55.2,56.44 2 0
database-top-throughput-analyzer/stream.go:56.44,58.3 1 0
database-top-throughput-analyzer/stream.go:59.2,60.20 2 0
database-top-throughput-analyzer/stream.go:64.33,64.84 3 0
database-top-throughput-analyzer/stream.go:68.13,71.13 2 0
database-top-throughput-analyzer/stream.go:71.13,74.3 2 0
database-top-throughput-analyzer/stream.go:78.34,78.50 1 0
database-top-throughput-analyzer/stream.go:93.53,95.2 1 0
database-top-throughput-analyzer/stream.go:99.60,104.20 5 0
database-top-throughput-analyzer/stream.go:104.20,106.30 2 0
database-top-throughput-analyzer/stream.go:106.30,109.4 2 0
database-top-throughput-analyzer/stream.go:110.3,110.16 1 0
database-top-throughput-analyzer/stream.go:115.52,117.25 2 0
database-top-throughput-analyzer/stream.go:117.25,118.10 1 0
database-top-throughput-analyzer/stream.go:119.22,119.22 0 0
database-top-throughput-analyzer/stream.go:120.11,120.11 0 0
database-top-throughput-analyzer/stream.go:124.2,124.15 1 0
database-top-throughput-analyzer/stream.go:138.79,140.2 1 0
database-top-throughput-analyzer/stream.go:142.53,151.6 5 0
database-top-throughput-analyzer/stream.go:151.6,154.12 3 0
database-top-throughput-analyzer/stream.go:154.12,155.9 1 0
database-top-throughput-analyzer/stream.go:157.3,159.49 2 0
database-top-throughput-analyzer/stream.go:159.49,161.4 1 0
database-top-throughput-analyzer/stream.go:162.3,162.17 1 0
database-top-throughput-analyzer/stream.go:162.17,165.33 2 0
database-top-throughput-analyzer/stream.go:165.33,167.5 1 0
database-top-throughput-analyzer/stream.go:170.3,170.20 1 0
database-top-throughput-analyzer/stream.go:172.2,172.15 1 0
database-top-throughput-analyzer/stream.go:177.93,178.54 1 0
database-top-throughput-analyzer/stream.go:178.54,187.10 6 0
database-top-throughput-analyzer/stream.go:187.10,190.4 2 0
database-top-throughput-analyzer/stream.go:193.3,193.15 1 0
database-top-throughput-analyzer/stream.go:193.15,199.54 4 0
database-top-throughput-analyzer/stream.go:199.54,200.53 1 0
database-top-throughput-analyzer/stream.go:200.53,201.34 1 0
database-top-throughput-analyzer/stream.go:201.34,203.7 1 0
database-top-throughput-analyzer/stream.go:203.12,203.34 1 0
database-top-throughput-analyzer/stream.go:203.34,205.7 1 0
database-top-throughput-analyzer/stream.go:206.6,206.19 1 0
database-top-throughput-analyzer/stream.go:209.4,222.8 11 0
database-top-throughput-analyzer/stream.go:222.8,223.12 1 0
database-top-throughput-analyzer/stream.go:224.19,225.12 1 0
database-top-throughput-analyzer/stream.go:226.17,227.65 1 0
database-top-throughput-analyzer/stream.go:227.65,227.75 1 0
database-top-throughput-analyzer/stream.go:228.6,228.39 1 0
database-top-throughput-analyzer/stream.go:228.39,228.49 1 0
database-top-throughput-analyzer/stream.go:229.6,229.21 1 0
database-top-throughput-analyzer/stream.go:230.19,232.33 2 0
database-top-throughput-analyzer/stream.go:232.33,233.57 1 0
database-top-throughput-analyzer/stream.go:233.57,233.67 1 0
database-top-throughput-analyzer/stream.go:234.7,234.53 1 0
database-top-throughput-analyzer/stream.go:234.53,234.63 1 0
database-top-throughput-analyzer/stream.go:235.7,235.55 1 0
database-top-throughput-analyzer/stream.go:235.55,235.65 1 0
database-top-throughput-analyzer/stream.go:236.7,236.40 1 0
database-top-throughput-analyzer/stream.go:236.40,236.50 1 0
database-top-throughput-analyzer/stream.go:237.7,237.22 1 0
database-top-throughput-analyzer/stream.go:239.6,239.16 1 0
database-top-throughput-analyzer/stream.go:244.3,252.53 6 0
database-top-throughput-analyzer/stream.go:252.53,253.52 1 0
database-top-throughput-analyzer/stream.go:253.52,255.33 1 0
database-top-throughput-analyzer/stream.go:255.33,257.6 1 0
database-top-throughput-analyzer/stream.go:257.11,257.33 1 0
database-top-throughput-analyzer/stream.go:257.33,259.6 1 0
database-top-throughput-analyzer/stream.go:260.5,260.18 1 0
database-top-throughput-analyzer/stream.go:263.3,274.7 8 0
database-top-throughput-analyzer/stream.go:274.7,275.11 1 0
database-top-throughput-analyzer/stream.go:276.18,277.11 1 0
database-top-throughput-analyzer/stream.go:278.20,280.64 1 0
database-top-throughput-analyzer/stream.go:280.64,282.6 1 0
database-top-throughput-analyzer/stream.go:283.5,283.38 1 0
database-top-throughput-analyzer/stream.go:283.38,285.6 1 0
database-top-throughput-analyzer/stream.go:286.5,286.20 1 0
database-top-throughput-analyzer/stream.go:287.26,288.12 1 0
database-top-throughput-analyzer/stream.go:288.12,290.6 1 0
database-top-throughput-analyzer/stream.go:292.5,292.55 1 0
database-top-throughput-analyzer/stream.go:292.55,294.6 1 0
database-top-throughput-analyzer/stream.go:295.5,295.51 1 0
database-top-throughput-analyzer/stream.go:295.51,297.6 1 0
database-top-throughput-analyzer/stream.go:298.5,298.53 1 0
database-top-throughput-analyzer/stream.go:298.53,300.6 1 0
database-top-throughput-analyzer/stream.go:301.5,301.38 1 0
database-top-throughput-analyzer/stream.go:301.38,303.6 1 0
database-top-throughput-analyzer/stream.go:304.5,304.20 1 0
database-top-throughput-analyzer/util.go:9.47,13.9 3 0
database-top-throughput-analyzer/util.go:14.26,16.26 2 0
database-top-throughput-analyzer/util.go:17.25,19.25 2 0
database-top-throughput-analyzer/util.go:20.26,22.26 2 0
database-top-throughput-analyzer/util.go:23.25,25.25 2 0
database-top-throughput-analyzer/util.go:26.26,28.26 2 0
database-top-throughput-analyzer/util.go:29.25,31.25 2 0
database-top-throughput-analyzer/util.go:33.2,35.16 3 0
database-top-throughput-analyzer/util.go:35.16,37.3 1 0
database-top-throughput-analyzer/util.go:38.2,38.39 1 0
database-top-throughput-analyzer/util.go:41.66,43.31 2 0
database-top-throughput-analyzer/util.go:43.31,44.33 1 0
database-top-throughput-analyzer/util.go:44.33,47.40 2 0
database-top-throughput-analyzer/util.go:47.40,49.5 1 0
database-top-throughput-analyzer/util.go:50.4,51.44 2 0
database-top-throughput-analyzer/util.go:51.44,53.5 1 0
database-top-throughput-analyzer/util.go:54.4,55.44 2 0
database-top-throughput-analyzer/util.go:55.44,57.5 1 0
database-top-throughput-analyzer/util.go:58.4,58.55 1 0
database-top-throughput-analyzer/util.go:58.55,59.13 1 0
database-top-throughput-analyzer/util.go:61.4,67.5 1 0
database-top-throughput-analyzer/util.go:68.9,77.4 1 0
database-top-throughput-analyzer/util.go:79.2,79.12 1 0
database-top-throughput-analyzer/util.go:82.36,83.12 1 0
database-top-throughput-analyzer/util.go:83.12,85.3 1 0
database-top-throughput-analyzer/util.go:86.2,87.14 2 0
database-top-throughput-analyzer/util.go:87.14,89.3 1 0
database-top-throughput-analyzer/util.go:90.2,91.42 2 0
database-top-throughput-analyzer/util.go:91.42,94.3 2 0
database-top-throughput-analyzer/util.go:95.2,97.45 3 0
database-top-throughput-analyzer/util.go:100.41,101.17 1 0
database-top-throughput-analyzer/util.go:101.17,103.3 1 0
database-top-throughput-analyzer/util.go:104.2,104.22 1 0
database-top-throughput-analyzer/util.go:108.39,108.87 1 0
database-top-throughput-analyzer/util.go:109.39,109.75 1 0
database-top-throughput-analyzer/util.go:110.39,110.76 1 0
database-top-throughput-analyzer/util.go:113.33,114.11 1 0
database-top-throughput-analyzer/util.go:114.11,116.3 1 0
database-top-throughput-analyzer/util.go:117.2,117.10 1 0
database-top-throughput-analyzer/util.go:121.38,125.2 3 0
